<?xml version="1.0" encoding="UTF-8"?>
<testng-results ignored="0" total="1" passed="1" failed="0" skipped="0">
  <reporter-output>
  </reporter-output>
  <suite started-at="2021-02-05T15:31:33 IST" name="Default suite" finished-at="2021-02-05T15:35:39 IST" duration-ms="245794">
    <groups>
    </groups>
    <test started-at="2021-02-05T15:31:33 IST" name="Default test" finished-at="2021-02-05T15:35:39 IST" duration-ms="245794">
      <class name="tests.TC_AddToCart">
        <test-method is-config="true" signature="launchBrowser()[pri:0, instance:tests.TC_AddToCart@13b13b5d]" started-at="2021-02-05T15:31:33 IST" name="launchBrowser" finished-at="2021-02-05T15:31:38 IST" duration-ms="4911" status="PASS">
          <reporter-output>
          </reporter-output>
        </test-method> <!-- launchBrowser -->
        <test-method signature="addHighestPriceProductToCart()[pri:0, instance:tests.TC_AddToCart@13b13b5d]" started-at="2021-02-05T15:31:38 IST" name="addHighestPriceProductToCart" finished-at="2021-02-05T15:35:39 IST" duration-ms="240826" status="PASS">
          <reporter-output>
          </reporter-output>
        </test-method> <!-- addHighestPriceProductToCart -->
        <test-method is-config="true" signature="teardown()[pri:0, instance:tests.TC_AddToCart@13b13b5d]" started-at="2021-02-05T15:35:39 IST" name="teardown" finished-at="2021-02-05T15:35:39 IST" duration-ms="1" status="PASS">
          <reporter-output>
          </reporter-output>
        </test-method> <!-- teardown -->
      </class> <!-- tests.TC_AddToCart -->
    </test> <!-- Default test -->
  </suite> <!-- Default suite -->
</testng-results>
